#
# A fatal error has been detected by the Java Runtime Environment:
#
#  EXCEPTION_ACCESS_VIOLATION (0xc0000005) at pc=0x000000006e16c306, pid=1964, tid=4288
#
# JRE version: 7.0_21-b11
# Java VM: Java HotSpot(TM) 64-Bit Server VM (23.21-b01 mixed mode windows-amd64 compressed oops)
# Problematic frame:
# V  [jvm.dll+0x1cc306]
#
# Failed to write core dump. Minidumps are not enabled by default on client versions of Windows
#
# If you would like to submit a bug report, please visit:
#   http://bugreport.sun.com/bugreport/crash.jsp
#

---------------  T H R E A D  ---------------

Current thread (0x000000000b502800):  VMThread [stack: 0x000000000c6c0000,0x000000000c7c0000] [id=4288]

siginfo: ExceptionCode=0xc0000005, reading address 0x000000000000000a

Registers:
RAX=0x0000000000000000, RBX=0x000000000c7bee00, RCX=0x000000000c7bee00, RDX=0x0000000000000028
RSP=0x000000000c7beb50, RBP=0x0000000000000001, RSI=0x0000000000000000, RDI=0x000000000c7bf4b0
R8 =0x0000000000000000, R9 =0x0000000000000000, R10=0x000000077cd08408, R11=0x000000006e4b70a8
R12=0x0000000000000028, R13=0x000000000b502801, R14=0x0000000000000000, R15=0x6666666666666667
RIP=0x000000006e16c306, EFLAGS=0x0000000000010202

Top of Stack: (sp=0x000000000c7beb50)
0x000000000c7beb50:   0000000000170158 00000000001c5fc0
0x000000000c7beb60:   0000000015000015 0000000000000000
0x000000000c7beb70:   0000000000000000 0000000000000000
0x000000000c7beb80:   0000000000000042 0000000000170000
0x000000000c7beb90:   00000000001c4fc0 0000000005010004
0x000000000c7beba0:   0000000000170000 000000000c7bec88
0x000000000c7bebb0:   0000000077b55401 00000000002c000a
0x000000000c7bebc0:   0000000000000042 0000000077b55450
0x000000000c7bebd0:   0000000000170000 0000000000000000
0x000000000c7bebe0:   00000000002c0008 0000000077a71e66
0x000000000c7bebf0:   00000000001c4bf0 0000000000170000
0x000000000c7bec00:   0000000077b55400 00000000002c013d
0x000000000c7bec10:   0000000000000000 0000000000000000
0x000000000c7bec20:   0000000000000000 0000000000000000
0x000000000c7bec30:   0000000000000000 000000006e16c353
0x000000000c7bec40:   0000000000000000 0000000000000000 

Instructions: (pc=0x000000006e16c306)
0x000000006e16c2e6:   01 00 00 48 8b 05 b0 80 4c 00 48 33 c4 48 89 84
0x000000006e16c2f6:   24 20 01 00 00 4c 63 41 10 48 8b 41 08 48 8b d9
0x000000006e16c306:   42 38 54 00 0a 74 33 44 0f be c2 48 8d 4c 24 20
0x000000006e16c316:   48 8d 15 2b 26 36 00 e8 9e 5f e3 ff 48 8d 0d d7 


Register to memory mapping:

RAX=0x0000000000000000 is an unknown value
RBX=0x000000000c7bee00 is an unknown value
RCX=0x000000000c7bee00 is an unknown value
RDX=0x0000000000000028 is an unknown value
RSP=0x000000000c7beb50 is an unknown value
RBP=0x0000000000000001 is an unknown value
RSI=0x0000000000000000 is an unknown value
RDI=0x000000000c7bf4b0 is an unknown value
R8 =0x0000000000000000 is an unknown value
R9 =0x0000000000000000 is an unknown value
R10=0x000000077cd08408 is an oop
{constant pool} 
 - klass: {other class}
 - holder: 0x000000077cc745d0
 - cache: 0x000000077cd09388
 -   1 :  : 'CPU'
 -   2 :  : 'CPU'
 -   3 :  : 'java/lang/Object'
 -   4 :  : 'java/lang/Object'
 -   5 :  : 'CLOCK_SPEED'
 -   6 :  : 'F'
 -   7 :  : 'ConstantValue'
 -   8 :  : 1.790000
 -   9 :  : 'a'
 -  10 :  : 'C'
 -  11 :  : 'x'
 -  12 :  : 'y'
 -  13 :  : 'sp'
 -  14 :  : 'c'
 -  15 :  : 'B'
 -  16 :  : 'z'
 -  17 :  : 'i'
 -  18 :  : 'd'
 -  19 :  : 'v'
 -  20 :  : 'n'
 -  21 :  : 'pc'
 -  22 :  : 'memory'
 -  23 :  : '[C'
 -  24 :  : 'game'
 -  25 :  : 'LGamePak;'
 -  26 :  : 'ppu'
 -  27 :  : 'LPPU;'
 -  28 :  : 'apu'
 -  29 :  : 'LAPU;'
 -  30 :  : 'reset'
 -  31 :  : 'Z'
 -  32 :  : 'nmi'
 -  33 :  : 'irq'
 -  34 :  : 'lastClock'
 -  35 :  : 'J'
 -  36 :  : 'cycleCount'
 -  37 :  : 'instructionCount'
 -  38 :  : 'opcodeNames'
 -  39 :  : '[Ljava/lang/String;'
 -  40 :  : '<init>'
 -  41 :  : '()V'
 -  42 :  : 'Code'
 -  43 :  : klass_index=3 name_and_type_index=44
 -  44 :  : name_index=40 signature_index=41
 -  45 :  : klass_index=1 name_and_type_index=46
 -  46 :  : name_index=5 signature_index=6
 -  47 :  : 65536
 -  48 :  : klass_index=1 name_and_type_index=49
 -  49 :  : name_index=22 signature_index=23
 -  50 :  : 'java/lang/String'
 -  51 :  : 'java/lang/String'
 -  52 :  : "BRK" {0xd5f4bf80}
 -  53 :  : 'BRK'
 -  54 :  : "ORA" {0xd5f4bfb0}
 -  55 :  : 'ORA'
 -  56 :  : "..." {0xd5f4bfe0}
 -  57 :  : '...'
 -  58 :  : "ASL" {0xd5f4c010}
 -  59 :  : 'ASL'
 -  60 :  : "PHP" {0xd5f4c040}
 -  61 :  : 'PHP'
 -  62 :  : "BPL" {0xd5f4c070}
 -  63 :  : 'BPL'
 -  64 :  : "CLC" {0xd5f4c0a0}
 -  65 :  : 'CLC'
 -  66 :  : "JSR" {0xd5f4c0d0}
 -  67 :  : 'JSR'
 -  68 :  : "AND" {0xd5f4c100}
 -  69 :  : 'AND'
 -  70 :  : "BIT" {0xd5f4c130}
 -  71 :  : 'BIT'
 -  72 :  : "ROL" {0xd5f4c160}
 -  73 :  : 'ROL'
 -  74 :  : "PLP" {0xd5f4c190}
 -  75 :  : 'PLP'
 -  76 :  : "BMI" {0xd5f4c1c0}
 -  77 :  : 'BMI'
 -  78 :  : "SEC" {0xd5f4c1f0}
 -  79 :  : 'SEC'
 -  80 :  : "RTI" {0xd5f4c220}
 -  81 :  : 'RTI'
 -  82 :  : "EOR" {0xd5f4c250}
 -  83 :  : 'EOR'
 -  84 :  : "LSR" {0xd5f4c280}
 -  85 :  : 'LSR'
 -  86 :  : "PHA" {0xd5f4c2b0}
 -  87 :  : 'PHA'
 -  88 :  : "JMP" {0xd5f4c2e0}
 -  89 :  : 'JMP'
 -  90 :  : "BVC" {0xd5f4c310}
 -  91 :  : 'BVC'
 -  92 :  : "CLI" {0xd5f4c340}
 -  93 :  : 'CLI'
 -  94 :  : "RTS" {0xd5f4c370}
 -  95 :  : 'RTS'
 -  96 :  : "ADC" {0xd5f4c3a0}
 -  97 :  : 'ADC'
 -  98 :  : "ROR" {0xd5f4c3d0}
 -  99 :  : 'ROR'
 - 100 :  : "PLA" {0xd5f4c400}
 - 101 :  : 'PLA'
 - 102 :  : "BVS" {0xd5f4c430}
 - 103 :  : 'BVS'
 - 104 :  : "SEI" {0xd5f4c460}
 - 105 :  : 'SEI'
 - 106 :  : "STA" {0xd5f4c490}
 - 107 :  : 'STA'
 - 108 :  : "STY" {0xd5f4c4c0}
 - 109 :  : 'STY'
 - 110 :  : "STX" {0xd5f4c4f0}
 - 111 :  : 'STX'
 - 112 :  : "DEY" {0xd5f4c520}
 - 113 :  : 'DEY'
 - 114 :  : "TSX" {0xd5f4c550}
 - 115 :  : 'TSX'
 - 116 :  : "BCC" {0xd5f4c580}
 - 117 :  : 'BCC'
 - 118 :  : "TYA" {0xd5f4c5b0}
 - 119 :  : 'TYA'
 - 120 :  : "TXS" {0xd5f4c5e0}
 - 121 :  : 'TXS'
 - 122 :  : "LDY" {0xd5f4c610}
 - 123 :  : 'LDY'
 - 124 :  : "LDA" {0xd5f4c640}
 - 125 :  : 'LDA'
 - 126 :  : "LDX" {0xd5f4c670}
 - 127 :  : 'LDX'
 - 128 :  : "TAY" {0xd5f4c6a0}
 - 129 :  : 'TAY'
 - 130 :  : "TAX" {0xd5f4c6d0}
 - 131 :  : 'TAX'
 - 132 :  : "BCS" {0xd5f4c700}
 - 133 :  : 'BCS'
 - 134 :  : "CLV" {0xd5f4c730}
 - 135 :  : 'CLV'
 - 136 :  : "CPY" {0xd5f4c760}
 - 137 :  : 'CPY'
 - 138 :  : "CMP" {0xd5f4c790}
 - 139 :  : 'CMP'
 - 140 :  : "DEC" {0xd5f4c7c0}
 - 141 :  : 'DEC'
 - 142 :  : "INY" {0xd5f4c7f0}
 - 143 :  : 'INY'
 - 144 :  : "DEX" {0xd5f4c820}
 - 145 :  : 'DEX'
 - 146 :  : "BNE" {0xd5f4c850}
 - 147 :  : 'BNE'
 - 148 :  : "CLD" {0xd5f4c880}
 - 149 :  : 'CLD'
 - 150 :  : "CPX" {0xd5f4c8b0}
 - 151 :  : 'CPX'
 - 152 :  : "SBC" {0xd5f4c8e0}
 - 153 :  : 'SBC'
 - 154 :  : "INC" {0xd5f4c910}
 - 155 :  : 'INC'
 - 156 :  : "INX" {0xd5f4c940}
 - 157 :  : 'INX'
 - 158 :  : "NOP" {0xd5f4c970}
 - 159 :  : 'NOP'
 - 160 :  : "BEQ" {0xd5f4c9a0}
 - 161 :  : 'BEQ'
 - 162 :  : "SED" {0xd5f4c9d0}
 - 163 :  : 'SED'
 - 164 :  : klass_index=1 name_and_type_index=165
 - 165 :  : name_index=38 signature_index=39
 - 166 :  : klass_index=1 name_and_type_index=167
 - 167 :  : name_index=30 signature_index=31
 - 168 :  : klass_index=1 name_and_type_index=169
 - 169 :  : name_index=32 signature_index=31
 - 170 :  : klass_index=1 name_and_type_index=171
 - 171 :  : name_index=33 signature_index=31
 - 172 :  : klass_index=1 name_and_type_index=173
 - 173 :  : name_index=9 signature_index=10
 - 174 :  : klass_index=1 name_and_type_index=175
 - 175 :  : name_index=11 signature_index=10
 - 176 :  : klass_index=1 name_and_type_index=177
 - 177 :  : name_index=12 signature_index=10
 - 178 :  : klass_index=1 name_and_type_index=179
 - 179 :  : name_index=14 signature_index=15
 - 180 :  : klass_index=1 name_and_type_index=181
 - 181 :  : name_index=16 signature_index=15
 - 182 :  : klass_index=1 name_and_type_index=183
 - 183 :  : name_index=17 signature_index=15
 - 184 :  : klass_index=1 name_and_type_index=185
 - 185 :  : name_index=18 signature_index=15
 - 186 :  : klass_index=1 name_and_type_index=187
 - 187 :  : name_index=19 signature_index=15
 - 188 :  : klass_index=1 name_and_type_index=189
 - 189 :  : name_index=20 signature_index=15
 - 190 :  : klass_index=1 name_and_type_index=191
 - 191 :  : name_index=13 signature_index=10
 - 192 :  : klass_index=1 name_and_type_index=193
 - 193 :  : name_index=21 signature_index=10
 - 194 :  : klass_index=195 name_and_type_index=197
 - 195 :  : 'java/lang/System'
 - 196 :  : 'java/lang/System'
 - 197 :  : name_index=198 signature_index=199
 - 198 :  : 'nanoTime'
 - 199 :  : '()J'
 - 200 :  : klass_index=1 name_and_type_index=201
 - 201 :  : name_index=34 signature_index=35
 - 202 :  : 'LineNumberTable'
 - 203 :  : 'LocalVariableTable'
 - 204 :  : 'this'
 - 205 :  : 'LCPU;'
 - 206 :  : 'setPPU'
 - 207 :  : '(LPPU;)V'
 - 208 :  : klass_index=1 name_and_type_index=209
 - 209 :  : name_index=26 signature_index=27
 - 210 :  : 'ppu2'
 - 211 :  : 'setGamePak'
 - 212 :  : '(LGamePak;)V'
 - 213 :  : klass_index=1 name_and_type_index=214
 - 214 :  : name_index=24 signature_index=25
 - 215 :  : 'g'
 - 216 :  : 'triggerNMI'
 - 217 :  : 'tick'
 - 218 :  : klass_index=1 name_and_type_index=219
 - 219 :  : name_index=217 signature_index=220
 - 220 :  : '(I)V'
 - 221 :  : klass_index=1 name_and_type_index=222
 - 222 :  : name_index=36 signature_index=35
 - 223 :  : klass_index=224 name_and_type_index=226
 - 224 :  : 'PPU'
 - 225 :  : 'PPU'
 - 226 :  : name_index=217 signature_index=41
 - 227 :  : 'I'
 - 228 :  : 'j'
 - 229 :  : 'StackMapTable'
 - 230 :  : 'op'
 - 231 :  : klass_index=1 name_and_type_index=232
 - 232 :  : name_index=233 signature_index=234
 - 233 :  : 'accessMemory'
 - 234 :  : '(C)C'
 - 235 :  : klass_index=1 name_and_type_index=236
 - 236 :  : name_index=37 signature_index=35
 - 237 :  : 65532
 - 238 :  : 65533
 - 239 :  : klass_index=240 name_and_type_index=242
 - 240 :  : 'java/lang/Math'
 - 241 :  : 'java/lang/Math'
 - 242 :  : name_index=243 signature_index=244
 - 243 :  : 'random'
 - 244 :  : '()D'
 - 245 :  : 2.000000
 - 247 :  : klass_index=1 name_and_type_index=248
 - 248 :  : name_index=249 signature_index=41
 - 249 :  : 'NMI'
 - 250 :  : klass_index=1 name_and_type_index=251
 - 251 :  : name_index=53 signature_index=41
 - 252 :  : klass_index=1 name_and_type_index=226
 - 253 :  : klass_index=1 name_and_type_index=254
 - 254 :  : name_index=97 signature_index=255
 - 255 :  : '(C)V'
 - 256 :  : klass_index=1 name_and_type_index=257
 - 257 :  : name_index=69 signature_index=255
 - 258 :  : klass_index=1 name_and_type_index=259
 - 259 :  : name_index=59 signature_index=41
 - 260 :  : klass_index=1 name_and_type_index=261
 - 261 :  : name_index=59 signature_index=262
 - 262 :  : '(CC)V'
 - 263 :  : klass_index=1 name_and_type_index=264
 - 264 :  : name_index=117 signature_index=255
 - 265 :  : klass_index=1 name_and_type_index=266
 - 266 :  : name_index=133 signature_index=255
 - 267 :  : klass_index=1 name_and_type_index=268
 - 268 :  : name_index=161 signature_index=255
 - 269 :  : klass_index=1 name_and_type_index=270
 - 270 :  : name_index=71 signature_index=255
 - 271 :  : klass_index=1 name_and_type_index=272
 - 272 :  : name_index=77 signature_index=255
 - 273 :  : klass_index=1 name_and_type_index=274
 - 274 :  : name_index=147 signature_index=255
 - 275 :  : klass_index=1 name_and_type_index=276
 - 276 :  : name_index=63 signature_index=255
 - 277 :  : klass_index=1 name_and_type_index=278
 - 278 :  : name_index=91 signature_index=255
 - 279 :  : klass_index=1 name_and_type_index=280
 - 280 :  : name_index=103 signature_index=255
 - 281 :  : klass_index=1 name_and_type_index=282
 - 282 :  : name_index=65 signature_index=41
 - 283 :  : klass_index=1 name_and_type_index=284
 - 284 :  : name_index=149 signature_index=41
 - 285 :  : klass_index=1 name_and_type_index=286
 - 286 :  : name_index=93 signature_index=41
 - 287 :  : klass_index=1 name_and_type_index=288
 - 288 :  : name_index=135 signature_index=41
 - 289 :  : klass_index=1 name_and_type_index=290
 - 290 :  : name_index=139 signature_index=255
 - 291 :  : klass_index=1 name_and_type_index=292
 - 292 :  : name_index=151 signature_index=255
 - 293 :  : klass_index=1 name_and_type_index=294
 - 294 :  : name_index=137 signature_index=255
 - 295 :  : klass_index=1 name_and_type_index=296
 - 296 :  : name_index=141 signature_index=255
 - 297 :  : klass_index=1 name_and_type_index=298
 - 298 :  : name_index=145 signature_index=41
 - 299 :  : klass_index=1 name_and_type_index=300
 - 300 :  : name_index=113 signature_index=41
 - 301 :  : klass_index=1 name_and_type_index=302
 - 302 :  : name_index=83 signature_index=255
 - 303 :  : klass_index=1 name_and_type_index=304
 - 304 :  : name_index=155 signature_index=255
 - 305 :  : klass_index=1 name_and_type_index=306
 - 306 :  : name_index=157 signature_index=41
 - 307 :  : klass_index=1 name_and_type_index=308
 - 308 :  : name_index=143 signature_index=41
 - 309 :  : 65280
 - 310 :  : klass_index=1 name_and_type_index=311
 - 311 :  : name_index=89 signature_index=255
 - 312 :  : klass_index=1 name_and_type_index=313
 - 313 :  : name_index=67 signature_index=255
 - 314 :  : klass_index=1 name_and_type_index=315
 - 315 :  : name_index=125 signature_index=255
 - 316 :  : klass_index=1 name_and_type_index=317
 - 317 :  : name_index=127 signature_index=255
 - 318 :  : klass_index=1 name_and_type_index=319
 - 319 :  : name_index=123 signature_index=255
 - 320 :  : klass_index=1 name_and_type_index=321
 - 321 :  : name_index=85 signature_index=41
 - 322 :  : klass_index=1 name_and_type_index=323
 - 323 :  : name_index=85 signature_index=262
 - 324 :  : klass_index=1 name_and_type_index=325
 - 325 :  : name_index=159 signature_index=41
 - 326 :  : klass_index=1 name_and_type_index=327
 - 327 :  : name_index=55 signature_index=255
 - 328 :  : klass_index=1 name_and_type_index=329
 - 329 :  : name_index=87 signature_index=41
 - 330 :  : klass_index=1 name_and_type_index=331
 - 331 :  : name_index=61 signature_index=41
 - 332 :  : klass_index=1 name_and_type_index=333
 - 333 :  : name_index=101 signature_index=41
 - 334 :  : klass_index=1 name_and_type_index=335
 - 335 :  : name_index=75 signature_index=41
 - 336 :  : klass_index=1 name_and_type_index=337
 - 337 :  : name_index=73 signature_index=41
 - 338 :  : klass_index=1 name_and_type_index=339
 - 339 :  : name_index=73 signature_index=262
 - 340 :  : klass_index=1 name_and_type_index=341
 - 341 :  : name_index=99 signature_index=41
 - 342 :  : klass_index=1 name_and_type_index=343
 - 343 :  : name_index=99 signature_index=262
 - 344 :  : klass_index=1 name_and_type_index=345
 - 345 :  : name_index=81 signature_index=41
 - 346 :  : klass_index=1 name_and_type_index=347
 - 347 :  : name_index=95 signature_index=41
 - 348 :  : klass_index=1 name_and_type_index=349
 - 349 :  : name_index=153 signature_index=255
 - 350 :  : klass_index=1 name_and_type_index=351
 - 351 :  : name_index=79 signature_index=41
 - 352 :  : klass_index=1 name_and_type_index=353
 - 353 :  : name_index=163 signature_index=41
 - 354 :  : klass_index=1 name_and_type_index=355
 - 355 :  : name_index=105 signature_index=41
 - 356 :  : klass_index=1 name_and_type_index=357
 - 357 :  : name_index=107 signature_index=255
 - 358 :  : klass_index=1 name_and_type_index=359
 - 359 :  : name_index=111 signature_index=255
 - 360 :  : klass_index=1 name_and_type_index=361
 - 361 :  : name_index=109 signature_index=255
 - 362 :  : klass_index=1 name_and_type_index=363
 - 363 :  : name_index=131 signature_index=41
 - 364 :  : klass_index=1 name_and_type_index=365
 - 365 :  : name_index=129 signature_index=41
 - 366 :  : klass_index=1 name_and_type_index=367
 - 367 :  : name_index=115 signature_index=41
 - 368 :  : klass_index=1 name_and_type_index=369
 - 369 :  : name_index=370 signature_index=41
 - 370 :  : 'TXA'
 - 371 :  : klass_index=1 name_and_type_index=372
 - 372 :  : name_index=121 signature_index=41
 - 373 :  : klass_index=1 name_and_type_index=374
 - 374 :  : name_index=119 signature_index=41
 - 375 :  : klass_index=195 name_and_type_index=376
 - 376 :  : name_index=377 signature_index=378
 - 377 :  : 'out'
 - 378 :  : 'Ljava/io/PrintStream;'
 - 379 :  : "Invalid opcode 0x%02x at 0x%04x%n" {0xd613e7e0}
 - 380 :  : 'Invalid opcode 0x%02x at 0x%04x%n'
 - 381 :  : klass_index=382 name_and_type_index=384
 - 382 :  : 'java/lang/Integer'
 - 383 :  : 'java/lang/Integer'
 - 384 :  : name_index=385 signature_index=386
 - 385 :  : 'valueOf'
 - 386 :  : '(I)Ljava/lang/Integer;'
 - 387 :  : klass_index=388 name_and_type_index=390
 - 388 :  : 'java/io/PrintStream'
 - 389 :  : 'java/io/PrintStream'
 - 390 :  : name_index=391 signature_index=392
 - 391 :  : 'printf'
 - 392 :  : '(Ljava/lang/String;[Ljava/lang/Object;)Ljava/io/PrintStream;'
 - 393 :  : 'opcode'
 - 394 :  : 'operand'
 - 395 :  : 'zpAddr'
 - 396 :  : 'loc'
 - 397 :  : 'go'
 - 398 :  : 'addr'
 - 399 :  : '(ZCC)C'
 - 400 :  : klass_index=224 name_and_type_index=401
 - 401 :  : name_index=402 signature_index=399
 - 402 :  : 'accessRegisters'
 - 403 :  : 32768
 - 404 :  : klass_index=405 name_and_type_index=407
 - 405 :  : 'GamePak'
 - 406 :  : 'GamePak'
 - 407 :  : name_index=408 signature_index=399
 - 408 :  : 'access'
 - 409 :  : 'write'
 - 410 :  : 'b'
 - 411 :  : klass_index=1 name_and_type_index=412
 - 412 :  : name_index=233 signature_index=399
 - 413 :  : 'address'
 - 414 :  : 'result'
 - 415 :  : 'o'
 - 416 :  : 65534
 - 417 :  : 65535
 - 418 :  : 'status'
 - 419 :  : 65530
 - 420 :  : 65531
 - 421 :  : 'cur'
 - 422 :  : 'oldC'
 - 423 :  : 'SourceFile'
 - 424 :  : 'CPU.java'
 - 425 :  : 32786
 - 426 :  : "Break." {0xd613e850}
 - 427 :  : 'Break.'
 - 428 :  : 'println'
 - 429 :  : '(Ljava/lang/String;)V'
 - 430 :  : name_index=428 signature_index=429
 - 431 :  : klass_index=388 name_and_type_index=430

R11=0x000000006e4b70a8 is an unknown value
R12=0x0000000000000028 is an unknown value
R13=0x000000000b502801 is an unknown value
R14=0x0000000000000000 is an unknown value
R15=0x6666666666666667 is an unknown value


Stack: [0x000000000c6c0000,0x000000000c7c0000],  sp=0x000000000c7beb50,  free space=1018k
Native frames: (J=compiled Java code, j=interpreted, Vv=VM code, C=native code)
V  [jvm.dll+0x1cc306]

VM_Operation (0x000000000d9ef1f0): GetOrSetLocal, mode: safepoint, requested by thread 0x000000000b593800


---------------  P R O C E S S  ---------------

Java Threads: ( => current thread )
  0x00000000020a8000 JavaThread "DestroyJavaVM" [_thread_blocked, id=6752, stack(0x00000000022b0000,0x00000000023b0000)]
  0x000000000b5ee800 JavaThread "Thread-0" [_thread_blocked, id=7520, stack(0x000000000e560000,0x000000000e660000)]
  0x000000000b5b3800 JavaThread "Service Thread" daemon [_thread_blocked, id=5168, stack(0x000000000df00000,0x000000000e000000)]
  0x000000000b5b3000 JavaThread "C2 CompilerThread1" daemon [_thread_blocked, id=8104, stack(0x000000000dc80000,0x000000000dd80000)]
  0x000000000b5ad800 JavaThread "C2 CompilerThread0" daemon [_thread_blocked, id=4088, stack(0x000000000dd90000,0x000000000de90000)]
  0x000000000b5a2800 JavaThread "JDWP Command Reader" daemon [_thread_in_native, id=4236, stack(0x000000000dad0000,0x000000000dbd0000)]
  0x000000000b59f800 JavaThread "JDWP Event Helper Thread" daemon [_thread_blocked, id=8032, stack(0x000000000d700000,0x000000000d800000)]
  0x000000000b593800 JavaThread "JDWP Transport Listener: dt_socket" daemon [_thread_blocked, id=8072, stack(0x000000000d8f0000,0x000000000d9f0000)]
  0x000000000b58d000 JavaThread "Attach Listener" daemon [_thread_blocked, id=7772, stack(0x000000000cc70000,0x000000000cd70000)]
  0x000000000b586000 JavaThread "Signal Dispatcher" daemon [_thread_blocked, id=6344, stack(0x000000000c9c0000,0x000000000cac0000)]
  0x000000000216e000 JavaThread "Finalizer" daemon [_thread_blocked, id=3464, stack(0x000000000c580000,0x000000000c680000)]
  0x0000000002167000 JavaThread "Reference Handler" daemon [_thread_blocked, id=6180, stack(0x000000000c810000,0x000000000c910000)]

Other Threads:
=>0x000000000b502800 VMThread [stack: 0x000000000c6c0000,0x000000000c7c0000] [id=4288]
  0x000000000b5c8800 WatcherThread [stack: 0x000000000e000000,0x000000000e100000] [id=5604]

VM state:at safepoint (normal execution)

VM Mutex/Monitor currently owned by a thread:  ([mutex/lock_event])
[0x000000000206e570] Threads_lock - owner thread: 0x000000000b502800

Heap
 PSYoungGen      total 37696K, used 2618K [0x00000007d5eb0000, 0x00000007d88c0000, 0x0000000800000000)
  eden space 32320K, 8% used [0x00000007d5eb0000,0x00000007d613e888,0x00000007d7e40000)
  from space 5376K, 0% used [0x00000007d8380000,0x00000007d8380000,0x00000007d88c0000)
  to   space 5376K, 0% used [0x00000007d7e40000,0x00000007d7e40000,0x00000007d8380000)
 ParOldGen       total 86208K, used 0K [0x0000000781c00000, 0x0000000787030000, 0x00000007d5eb0000)
  object space 86208K, 0% used [0x0000000781c00000,0x0000000781c00000,0x0000000787030000)
 PSPermGen       total 21248K, used 3111K [0x000000077ca00000, 0x000000077dec0000, 0x0000000781c00000)
  object space 21248K, 14% used [0x000000077ca00000,0x000000077cd09fc8,0x000000077dec0000)

Card table byte_map: [0x0000000005470000,0x0000000005890000] byte_map_base: 0x000000000188b000

Polling page: 0x0000000001b50000

Code Cache  [0x00000000023b0000, 0x0000000002620000, 0x00000000053b0000)
 total_blobs=183 nmethods=4 adapters=139 free_code_cache=48763Kb largest_free_block=49919232

Compilation events (6 events):
Event: 0.210 Thread 0x000000000b5ad800    1 %           GamePak::load @ 125 (213 bytes)
Event: 0.216 Thread 0x000000000b5ad800 nmethod 1% 0x000000000240e910 code [0x000000000240eaa0, 0x000000000240f378]
Event: 3.069 Thread 0x000000000b5b3000    2             java.lang.String::hashCode (55 bytes)
Event: 3.071 Thread 0x000000000b5b3000 nmethod 2 0x00000000024119d0 code [0x0000000002411b00, 0x0000000002411c98]
Event: 45.162 Thread 0x000000000b5b3000    3             java.lang.String::charAt (29 bytes)
Event: 45.163 Thread 0x000000000b5b3000 nmethod 3 0x0000000002410290 code [0x00000000024103e0, 0x00000000024104b8]

GC Heap History (0 events):
No events

Deoptimization events (1 events):
Event: 0.230 Thread 0x00000000020a8000 Uncommon trap -83 fr.pc 0x000000000240eedc

Internal exceptions (10 events):
Event: 0.188 Thread 0x00000000020a8000 Threw 0x00000007d5f00938 at C:\jdk7u2_64p\jdk7u21\hotspot\src\share\vm\prims\jvm.cpp:1166
Event: 0.192 Thread 0x00000000020a8000 Threw 0x00000007d5f05638 at C:\jdk7u2_64p\jdk7u21\hotspot\src\share\vm\prims\jvm.cpp:1166
Event: 0.192 Thread 0x00000000020a8000 Threw 0x00000007d5f070a8 at C:\jdk7u2_64p\jdk7u21\hotspot\src\share\vm\prims\jvm.cpp:1166
Event: 0.192 Thread 0x00000000020a8000 Threw 0x00000007d5f080f0 at C:\jdk7u2_64p\jdk7u21\hotspot\src\share\vm\prims\jvm.cpp:1166
Event: 0.240 Thread 0x00000000020a8000 Threw 0x00000007d5f1dea8 at C:\jdk7u2_64p\jdk7u21\hotspot\src\share\vm\prims\jvm.cpp:1166
Event: 0.256 Thread 0x00000000020a8000 Threw 0x00000007d5f4cc50 at C:\jdk7u2_64p\jdk7u21\hotspot\src\share\vm\prims\jvm.cpp:1166
Event: 3.063 Thread 0x000000000b5ee800 Threw 0x00000007d60b4830 at C:\jdk7u2_64p\jdk7u21\hotspot\src\share\vm\prims\jvm.cpp:1166
Event: 3.063 Thread 0x000000000b5ee800 Threw 0x00000007d60b4958 at C:\jdk7u2_64p\jdk7u21\hotspot\src\share\vm\prims\jvm.cpp:1166
Event: 3.064 Thread 0x000000000b5ee800 Threw 0x00000007d60b85a0 at C:\jdk7u2_64p\jdk7u21\hotspot\src\share\vm\prims\jvm.cpp:1166
Event: 3.064 Thread 0x000000000b5ee800 Threw 0x00000007d60b86c8 at C:\jdk7u2_64p\jdk7u21\hotspot\src\share\vm\prims\jvm.cpp:1166

Events (10 events):
Event: 94.889 Executing VM operation: ChangeBreakpoints done
Event: 94.898 Executing VM operation: EnterInterpOnlyMode
Event: 94.898 Executing VM operation: EnterInterpOnlyMode done
Event: 94.898 Executing VM operation: GetCurrentLocation
Event: 94.898 Executing VM operation: GetCurrentLocation done
Event: 94.898 Executing VM operation: ChangeSingleStep
Event: 94.898 Executing VM operation: ChangeSingleStep done
Event: 94.898 Executing VM operation: ChangeSingleStep
Event: 94.898 Executing VM operation: ChangeSingleStep done
Event: 94.974 Executing VM operation: GetOrSetLocal


Dynamic libraries:
0x000000013f600000 - 0x000000013f633000 	C:\Program Files\Java\jdk1.7.0_21\bin\javaw.exe
0x0000000077a40000 - 0x0000000077be9000 	C:\Windows\SYSTEM32\ntdll.dll
0x0000000077820000 - 0x000000007793f000 	C:\Windows\system32\kernel32.dll
0x000007fefdb10000 - 0x000007fefdb7c000 	C:\Windows\system32\KERNELBASE.dll
0x000007fefe890000 - 0x000007fefe96b000 	C:\Windows\system32\ADVAPI32.dll
0x000007fefe7d0000 - 0x000007fefe86f000 	C:\Windows\system32\msvcrt.dll
0x000007fefe870000 - 0x000007fefe88f000 	C:\Windows\SYSTEM32\sechost.dll
0x000007fefe400000 - 0x000007fefe52d000 	C:\Windows\system32\RPCRT4.dll
0x0000000077940000 - 0x0000000077a3a000 	C:\Windows\system32\USER32.dll
0x000007fefdd40000 - 0x000007fefdda7000 	C:\Windows\system32\GDI32.dll
0x000007fefe3f0000 - 0x000007fefe3fe000 	C:\Windows\system32\LPK.dll
0x000007fefddb0000 - 0x000007fefde79000 	C:\Windows\system32\USP10.dll
0x000007fefc120000 - 0x000007fefc314000 	C:\Windows\WinSxS\amd64_microsoft.windows.common-controls_6595b64144ccf1df_6.0.7601.17514_none_fa396087175ac9ac\COMCTL32.dll
0x000007fefecf0000 - 0x000007fefed61000 	C:\Windows\system32\SHLWAPI.dll
0x000007fefe970000 - 0x000007fefe99e000 	C:\Windows\system32\IMM32.DLL
0x000007fefe150000 - 0x000007fefe259000 	C:\Windows\system32\MSCTF.dll
0x000000005bf40000 - 0x000000005c011000 	C:\Program Files\Java\jdk1.7.0_21\jre\bin\msvcr100.dll
0x000000006dfa0000 - 0x000000006e6c1000 	C:\Program Files\Java\jdk1.7.0_21\jre\bin\server\jvm.dll
0x000007fef06e0000 - 0x000007fef06e9000 	C:\Windows\system32\WSOCK32.dll
0x000007fefeca0000 - 0x000007fefeced000 	C:\Windows\system32\WS2_32.dll
0x000007fefe550000 - 0x000007fefe558000 	C:\Windows\system32\NSI.dll
0x000007fefb000000 - 0x000007fefb03b000 	C:\Windows\system32\WINMM.dll
0x0000000077c00000 - 0x0000000077c07000 	C:\Windows\system32\PSAPI.DLL
0x00000000652a0000 - 0x00000000652af000 	C:\Program Files\Java\jdk1.7.0_21\jre\bin\verify.dll
0x000000005c880000 - 0x000000005c8a8000 	C:\Program Files\Java\jdk1.7.0_21\jre\bin\java.dll
0x000000005c0c0000 - 0x000000005c0f5000 	C:\Program Files\Java\jdk1.7.0_21\jre\bin\jdwp.dll
0x00000000659e0000 - 0x00000000659e8000 	C:\Program Files\Java\jdk1.7.0_21\jre\bin\npt.dll
0x000000005c8c0000 - 0x000000005c8d5000 	C:\Program Files\Java\jdk1.7.0_21\jre\bin\zip.dll
0x0000000060500000 - 0x0000000060509000 	C:\Program Files\Java\jdk1.7.0_21\jre\bin\dt_socket.dll
0x000007fefad50000 - 0x000007fefad65000 	C:\Windows\system32\NLAapi.dll
0x000007fef2950000 - 0x000007fef2965000 	C:\Windows\system32\napinsp.dll
0x000007fef2930000 - 0x000007fef2949000 	C:\Windows\system32\pnrpnsp.dll
0x000007fefcf40000 - 0x000007fefcf95000 	C:\Windows\System32\mswsock.dll
0x000007fefd4a0000 - 0x000007fefd4fb000 	C:\Windows\system32\DNSAPI.dll
0x000007fef2920000 - 0x000007fef292b000 	C:\Windows\System32\winrnr.dll
0x000007fef3ea0000 - 0x000007fef3ecf000 	C:\Program Files\Common Files\Microsoft Shared\Windows Live\WLIDNSP.DLL
0x000000006bdd0000 - 0x000000006bdf6000 	C:\Program Files\Bonjour\mdnsNSP.dll
0x000007fefa320000 - 0x000007fefa347000 	C:\Windows\system32\Iphlpapi.DLL
0x000007fefa310000 - 0x000007fefa31b000 	C:\Windows\system32\WINNSI.DLL
0x000007fefa120000 - 0x000007fefa173000 	C:\Windows\System32\fwpuclnt.dll
0x000007fef3e90000 - 0x000007fef3e98000 	C:\Windows\system32\rasadhlp.dll
0x000007fefc970000 - 0x000007fefc977000 	C:\Windows\System32\wshtcpip.dll
0x000007fefab60000 - 0x000007fefac85000 	C:\Windows\system32\dbghelp.dll

VM Arguments:
jvm_args: -agentlib:jdwp=transport=dt_socket,suspend=y,address=localhost:64320 -Dfile.encoding=Cp1252 
java_command: NES_Emu
Launcher Type: SUN_STANDARD

Environment Variables:
JAVA_HOME=C:\Program Files\Java\jdk1.7.0_21
CLASSPATH=.;C:\Program Files (x86)\Java\jre7\lib\ext\QTJava.zip
PATH=C:\Program Files\Java\jdk1.7.0_21\jre\bin;C:/Program Files/Java/jre1.8.0_25/bin/server;C:/Program Files/Java/jre1.8.0_25/bin;C:/Program Files/Java/jre1.8.0_25/lib/amd64;C:\Program Files\Haskell\bin;C:\Program Files\Haskell Platform\2014.2.0.0\lib\extralibs\bin;C:\Program Files\Haskell Platform\2014.2.0.0\bin;C:\ProgramData\Oracle\Java\javapath;C:\Program Files (x86)\NVIDIA Corporation\PhysX\Common;C:\Program Files (x86)\Windows Resource Kits\Tools\;C:\Program Files\Common Files\Microsoft Shared\Windows Live;C:\Program Files (x86)\Common Files\Microsoft Shared\Windows Live;c:\Program Files (x86)\Intel\iCLS Client\;c:\Program Files\Intel\iCLS Client\;C:\Windows\system32;C:\Windows;C:\Windows\System32\Wbem;C:\Windows\System32\WindowsPowerShell\v1.0\;C:\Program Files\Intel\Intel(R) Management Engine Components\DAL;C:\Program Files\Intel\Intel(R) Management Engine Components\IPT;C:\Program Files (x86)\Intel\Intel(R) Management Engine Components\DAL;C:\Program Files (x86)\Intel\Intel(R) Management Engine Components\IPT;C:\Program Files (x86)\Intel\OpenCL SDK\1.5\bin\x86;C:\Program Files (x86)\Intel\OpenCL SDK\1.5\bin\x64;C:\Program Files (x86)\Windows Live\Shared;C:\Python33;C:\Program Files (x86)\IronPython 2.7;C:\Program Files\nodejs\;C:\Program Files\Microsoft SQL Server\110\Tools\Binn\;C:\MinGW\bin\;C:\Users\Documents\OpenCV\opencv\Build\x86\mingw\\bin\;C:\Program Files (x86)\MATLAB\R2010a Student\bin;C:\Program Files (x86)\leJOS NXJ\bin;C:\VXIPNP\WinNT\Bin;C:\Program Files (x86)\Git\cmd;C:\Program Files\Java\jdk1.7.0_21\bin;C:\Program Files (x86)\QuickTime\QTSystem\;C:\Python33\Scripts;C:\Users\Callum\Documents\Phone Root Stuff;C:\Program Files\Haskell Platform\2014.2.0.0\mingw\bin;C:\Users\Callum\AppData\Roaming\cabal\bin;C:\Users\Callum\AppData\Roaming\npm\;C:\Program Files (x86)\HMA! Pro VPN\bin;C:\Users\Callum\Documents\eclipse;
USERNAME=Callum
OS=Windows_NT
PROCESSOR_IDENTIFIER=Intel64 Family 6 Model 58 Stepping 9, GenuineIntel



---------------  S Y S T E M  ---------------

OS: Windows 7 , 64 bit Build 7601 Service Pack 1

CPU:total 4 (4 cores per cpu, 1 threads per core) family 6 model 58 stepping 9, cmov, cx8, fxsr, mmx, sse, sse2, sse3, ssse3, sse4.1, sse4.2, popcnt, avx, tsc, tscinvbit, tscinv

Memory: 4k page, physical 8273916k(3713592k free), swap 16545976k(11902864k free)

vm_info: Java HotSpot(TM) 64-Bit Server VM (23.21-b01) for windows-amd64 JRE (1.7.0_21-b11), built on Apr  4 2013 08:11:28 by "java_re" with unknown MS VC++:1600

time: Thu Feb 26 22:01:39 2015
elapsed time: 95 seconds

